[0806/111738.084:ERROR:process_reader_win.cc(151)] SuspendThread: Access is denied. (0x5)
[0806/111738.085:ERROR:process_reader_win.cc(151)] SuspendThread: Access is denied. (0x5)
[0806/111738.085:ERROR:process_reader_win.cc(151)] SuspendThread: Access is denied. (0x5)
[0806/111738.085:ERROR:process_reader_win.cc(151)] SuspendThread: Access is denied. (0x5)
[0806/111738.085:ERROR:process_reader_win.cc(151)] SuspendThread: Access is denied. (0x5)
[0806/111738.085:ERROR:process_reader_win.cc(151)] SuspendThread: Access is denied. (0x5)
[0806/111738.085:ERROR:process_reader_win.cc(151)] SuspendThread: Access is denied. (0x5)
[0806/111738.085:ERROR:process_reader_win.cc(151)] SuspendThread: Access is denied. (0x5)
[0806/111738.085:ERROR:process_reader_win.cc(151)] SuspendThread: Access is denied. (0x5)
[0806/111738.085:ERROR:process_reader_win.cc(151)] SuspendThread: Access is denied. (0x5)
[0806/111738.085:ERROR:process_reader_win.cc(151)] SuspendThread: Access is denied. (0x5)
[0806/111738.085:ERROR:process_reader_win.cc(151)] SuspendThread: Access is denied. (0x5)
[0806/111738.085:ERROR:process_reader_win.cc(151)] SuspendThread: Access is denied. (0x5)
[0806/111738.085:ERROR:process_reader_win.cc(151)] SuspendThread: Access is denied. (0x5)
[0806/111738.085:ERROR:process_reader_win.cc(151)] SuspendThread: Access is denied. (0x5)
[0806/111738.085:ERROR:exception_snapshot_win.cc(98)] thread ID 956 not found in process
[0808/180805.829:ERROR:scoped_process_suspend.cc(31)] NtSuspendProcess: An attempt was made to access an exiting process. (0xc000010a)
[0808/180805.848:ERROR:process_info.cc(118)] ReadProcessMemory bool __cdecl crashpad::(anonymous namespace)::ReadStruct(HANDLE, crashpad::WinVMAddress, T *) [T = crashpad::process_types::PEB<crashpad::process_types::internal::Traits64>]: Only part of a ReadProcessMemory or WriteProcessMemory request was completed. (0x12B)
[0808/180805.848:ERROR:process_info.cc(551)] ReadProcessData failed
[0809/115912.927:ERROR:process_reader_win.cc(151)] SuspendThread: Access is denied. (0x5)
[0809/115912.934:ERROR:exception_snapshot_win.cc(98)] thread ID 24628 not found in process
[0809/120646.500:ERROR:process_reader_win.cc(151)] SuspendThread: Access is denied. (0x5)
[0809/120646.500:ERROR:exception_snapshot_win.cc(98)] thread ID 171964 not found in process
[0809/143940.300:ERROR:process_reader_win.cc(151)] SuspendThread: Access is denied. (0x5)
[0809/143940.302:ERROR:exception_snapshot_win.cc(98)] thread ID 106616 not found in process
[0809/152349.500:ERROR:process_reader_win.cc(151)] SuspendThread: Access is denied. (0x5)
[0809/152349.520:ERROR:exception_snapshot_win.cc(98)] thread ID 200604 not found in process
[0809/153701.951:ERROR:process_reader_win.cc(182)] ResumeThread: The parameter is incorrect. (0x57)
[0809/153701.953:ERROR:process_reader_win.cc(151)] SuspendThread: Access is denied. (0x5)
[0809/153701.953:ERROR:process_reader_win.cc(151)] SuspendThread: Access is denied. (0x5)
[0809/153701.953:ERROR:process_reader_win.cc(151)] SuspendThread: Access is denied. (0x5)
[0809/153701.953:ERROR:process_reader_win.cc(151)] SuspendThread: Access is denied. (0x5)
[0809/153701.953:ERROR:process_reader_win.cc(123)] NtOpenThread: An invalid Client ID was specified. (0xc000000b)
[0809/153701.956:ERROR:process_reader_win.cc(151)] SuspendThread: Access is denied. (0x5)
[0809/153701.956:ERROR:process_reader_win.cc(151)] SuspendThread: Access is denied. (0x5)
[0809/153701.956:ERROR:process_reader_win.cc(151)] SuspendThread: Access is denied. (0x5)
[0809/153701.956:ERROR:process_reader_win.cc(151)] SuspendThread: Access is denied. (0x5)
[0809/153701.956:ERROR:process_reader_win.cc(151)] SuspendThread: Access is denied. (0x5)
[0809/153701.956:ERROR:process_reader_win.cc(151)] SuspendThread: Access is denied. (0x5)
[0809/153701.956:ERROR:process_reader_win.cc(151)] SuspendThread: Access is denied. (0x5)
[0809/153701.956:ERROR:process_reader_win.cc(151)] SuspendThread: Access is denied. (0x5)
[0809/153701.956:ERROR:exception_snapshot_win.cc(98)] thread ID 112680 not found in process
[0809/153744.774:ERROR:process_reader_win.cc(182)] ResumeThread: The parameter is incorrect. (0x57)
[0809/153744.775:ERROR:process_reader_win.cc(151)] SuspendThread: Access is denied. (0x5)
[0809/153744.775:ERROR:process_reader_win.cc(151)] SuspendThread: Access is denied. (0x5)
[0809/153744.775:ERROR:process_reader_win.cc(123)] NtOpenThread: An invalid Client ID was specified. (0xc000000b)
[0809/153744.775:ERROR:process_reader_win.cc(151)] SuspendThread: Access is denied. (0x5)
[0809/153744.775:ERROR:process_reader_win.cc(151)] SuspendThread: Access is denied. (0x5)
[0809/153744.775:ERROR:process_reader_win.cc(151)] SuspendThread: Access is denied. (0x5)
[0809/153744.775:ERROR:process_reader_win.cc(151)] SuspendThread: Access is denied. (0x5)
[0809/153744.775:ERROR:process_reader_win.cc(151)] SuspendThread: Access is denied. (0x5)
[0809/153744.775:ERROR:process_reader_win.cc(151)] SuspendThread: Access is denied. (0x5)
[0809/153744.775:ERROR:process_reader_win.cc(151)] SuspendThread: Access is denied. (0x5)
[0809/153744.775:ERROR:process_reader_win.cc(151)] SuspendThread: Access is denied. (0x5)
[0809/153744.775:ERROR:exception_snapshot_win.cc(98)] thread ID 125988 not found in process
[0809/154415.948:ERROR:process_reader_win.cc(151)] SuspendThread: Access is denied. (0x5)
[0809/154415.949:ERROR:exception_snapshot_win.cc(98)] thread ID 163596 not found in process
[0809/154602.635:ERROR:process_reader_win.cc(151)] SuspendThread: Access is denied. (0x5)
[0809/154602.636:ERROR:exception_snapshot_win.cc(98)] thread ID 252292 not found in process
